normalize_min: [-15.104894]
normalize_delta: [15.16804]
Master@handy_analyze@Epoch: 1 cost= 96.00727 a= 0.0010230059 b= 0.9989634 c= 1.0009756 d= 1.0009756 z_0= 61 z_e= 1022 bias= 61
Master@handy_analyze@Epoch: 6 cost= 81.275345 a= 0.006137525 b= 0.9937805 c= 1.0058537 d= 1.0058537 z_0= 61 z_e= 1022 bias= 61
Master@handy_analyze@Epoch: 11 cost= 66.61361 a= 0.011252975 b= 0.9885976 c= 1.0107317 d= 1.0107317 z_0= 61 z_e= 1022 bias= 61
Master@handy_analyze@Epoch: 16 cost= 52.021297 a= 0.016369205 b= 0.98341465 c= 1.0156097 d= 1.0156097 z_0= 61 z_e= 1022 bias= 61
Master@handy_analyze@Epoch: 21 cost= 37.49892 a= 0.021485435 b= 0.9782317 c= 1.0204878 d= 1.0204878 z_0= 61 z_e= 1022 bias= 61
Master@handy_analyze@Epoch: 26 cost= 23.086426 a= 0.026594732 b= 0.9730488 c= 1.0253658 d= 1.0253658 z_0= 61 z_e= 1022 bias= 61
Master@handy_analyze@Epoch: 31 cost= 13.0580225 a= 0.031035675 b= 0.96841985 c= 1.0298858 d= 1.0298346 z_0= 61 z_e= 1022 bias= 61
Master@handy_analyze@Epoch: 36 cost= 12.318155 a= 0.031380106 b= 0.96445423 c= 1.0334213 d= 1.032386 z_0= 61 z_e= 1022 bias= 61
Master@handy_analyze@Epoch: 41 cost= 11.870087 a= 0.029925164 b= 0.9595762 c= 1.0382993 d= 1.0370352 z_0= 61 z_e= 1022 bias= 61
Master@handy_analyze@Epoch: 46 cost= 11.543661 a= 0.028497968 b= 0.95469815 c= 1.0431626 d= 1.0414666 z_0= 61 z_e= 1022 bias= 61
Master@handy_analyze@Epoch: 51 cost= 11.326493 a= 0.02743764 b= 0.9498201 c= 1.0480406 d= 1.045059 z_0= 61 z_e= 1022 bias= 61
Master@handy_analyze@Epoch: 56 cost= 11.162379 a= 0.02739708 b= 0.9448363 c= 1.0528405 d= 1.0412495 z_0= 61 z_e= 1022 bias= 61
Master@handy_analyze@Epoch: 61 cost= 10.995655 a= 0.027638705 b= 0.9396554 c= 1.0577185 d= 1.0359552 z_0= 61 z_e= 1022 bias= 61
Master@handy_analyze@Epoch: 66 cost= 10.833461 a= 0.02788309 b= 0.93459 c= 1.0625966 d= 1.0303749 z_0= 61 z_e= 1022 bias= 61
Master@handy_analyze@Epoch: 71 cost= 10.6761265 a= 0.0281294 b= 0.92955244 c= 1.0674746 d= 1.0248684 z_0= 61 z_e= 1022 bias= 61
Master@handy_analyze@Epoch: 76 cost= 10.522228 a= 0.028321888 b= 0.92445624 c= 1.0722816 d= 1.0195533 z_0= 61 z_e= 1022 bias= 61
Master@handy_analyze@Epoch: 81 cost= 10.375106 a= 0.02857915 b= 0.91945773 c= 1.0770556 d= 1.0141284 z_0= 61 z_e= 1022 bias= 61
Master@handy_analyze@Epoch: 86 cost= 10.230876 a= 0.028802227 b= 0.91434616 c= 1.0819031 d= 1.0089494 z_0= 61 z_e= 1022 bias= 61
Master@handy_analyze@Epoch: 91 cost= 10.090066 a= 0.029076627 b= 0.90937287 c= 1.0862917 d= 1.0035427 z_0= 61 z_e= 1022 bias= 61
Master@handy_analyze@Epoch: 96 cost= 9.955793 a= 0.029370535 b= 0.904369 c= 1.0899799 d= 0.9982867 z_0= 61 z_e= 1022 bias= 61
Master@handy_analyze@Epoch: 101 cost= 9.823219 a= 0.029776962 b= 0.8992467 c= 1.0913916 d= 0.9931049 z_0= 61 z_e= 1022 bias= 61
Master@handy_analyze@Epoch: 106 cost= 9.690545 a= 0.030166527 b= 0.89406705 c= 1.0933739 d= 0.98792195 z_0= 61 z_e= 1022 bias= 61
Master@handy_analyze@Epoch: 111 cost= 9.558277 a= 0.030658102 b= 0.8888966 c= 1.0930351 d= 0.9827408 z_0= 61 z_e= 1022 bias= 61
Master@handy_analyze@Epoch: 116 cost= 9.425841 a= 0.031155445 b= 0.8837153 c= 1.0927047 d= 0.9775581 z_0= 61 z_e= 1022 bias= 61
Master@handy_analyze@Epoch: 121 cost= 9.293685 a= 0.031609118 b= 0.87853235 c= 1.0932081 d= 0.9723821 z_0= 61 z_e= 1022 bias= 61
Master@handy_analyze@Epoch: 126 cost= 9.161786 a= 0.03204691 b= 0.8733495 c= 1.0938292 d= 0.9672023 z_0= 61 z_e= 1022 bias= 61
Master@handy_analyze@Epoch: 131 cost= 9.030107 a= 0.032488033 b= 0.86816674 c= 1.0943063 d= 0.96202165 z_0= 61 z_e= 1022 bias= 61
Master@handy_analyze@Epoch: 136 cost= 8.899033 a= 0.032979455 b= 0.86298746 c= 1.0941218 d= 0.9568461 z_0= 61 z_e= 1022 bias= 61
Master@handy_analyze@Epoch: 141 cost= 8.769257 a= 0.03341606 b= 0.85780483 c= 1.0951893 d= 0.9516694 z_0= 61 z_e= 1022 bias= 61
Master@handy_analyze@Epoch: 146 cost= 8.640746 a= 0.033907317 b= 0.85263336 c= 1.09482 d= 0.9464904 z_0= 61 z_e= 1022 bias= 61
Master@handy_analyze@Epoch: 151 cost= 8.512584 a= 0.03450396 b= 0.8474561 c= 1.0931772 d= 0.9413113 z_0= 61 z_e= 1022 bias= 61
Master@handy_analyze@Epoch: 156 cost= 8.384486 a= 0.03508992 b= 0.84227324 c= 1.0915356 d= 0.93613553 z_0= 61 z_e= 1022 bias= 61
Master@handy_analyze@Epoch: 161 cost= 8.257065 a= 0.035684213 b= 0.8370903 c= 1.0901052 d= 0.9309696 z_0= 61 z_e= 1022 bias= 61
Master@handy_analyze@Epoch: 166 cost= 8.129862 a= 0.03613907 b= 0.8319074 c= 1.0912827 d= 0.92578864 z_0= 61 z_e= 1022 bias= 61
Master@handy_analyze@Epoch: 171 cost= 8.003306 a= 0.03661437 b= 0.8267464 c= 1.0920581 d= 0.9206078 z_0= 61 z_e= 1022 bias= 61
Master@handy_analyze@Epoch: 176 cost= 7.8773565 a= 0.0372183 b= 0.8215701 c= 1.0903503 d= 0.915428 z_0= 61 z_e= 1022 bias= 61
Master@handy_analyze@Epoch: 181 cost= 7.75178 a= 0.037676122 b= 0.8163876 c= 1.091128 d= 0.9102547 z_0= 61 z_e= 1022 bias= 61
Master@handy_analyze@Epoch: 186 cost= 7.626668 a= 0.038301453 b= 0.811227 c= 1.0892173 d= 0.90507704 z_0= 61 z_e= 1022 bias= 61
Master@handy_analyze@Epoch: 191 cost= 7.5021324 a= 0.03881913 b= 0.8060441 c= 1.0888175 d= 0.89990187 z_0= 61 z_e= 1022 bias= 61
Master@handy_analyze@Epoch: 196 cost= 7.3776903 a= 0.03935284 b= 0.80086166 c= 1.0882114 d= 0.89472187 z_0= 61 z_e= 1022 bias= 61
Master@handy_analyze@Epoch: 201 cost= 7.2547503 a= 0.039954226 b= 0.7957139 c= 1.0867882 d= 0.8895461 z_0= 61 z_e= 1022 bias= 61
Master@handy_analyze@Epoch: 206 cost= 7.1325393 a= 0.040574677 b= 0.7905426 c= 1.0845915 d= 0.8843799 z_0= 61 z_e= 1022 bias= 61
Master@handy_analyze@Epoch: 211 cost= 7.0129647 a= 0.041114915 b= 0.7853873 c= 1.0838544 d= 0.8792486 z_0= 61 z_e= 1022 bias= 61
Master@handy_analyze@Epoch: 216 cost= 6.8942657 a= 0.041693117 b= 0.7802157 c= 1.0828034 d= 0.87408286 z_0= 61 z_e= 1022 bias= 61
Master@handy_analyze@Epoch: 221 cost= 6.7770696 a= 0.042304743 b= 0.77506477 c= 1.0809199 d= 0.86894 z_0= 61 z_e= 1022 bias= 61
Master@handy_analyze@Epoch: 226 cost= 6.660493 a= 0.04286774 b= 0.76992416 c= 1.080125 d= 0.86377347 z_0= 61 z_e= 1022 bias= 61
Master@handy_analyze@Epoch: 231 cost= 6.5457673 a= 0.043510903 b= 0.76478165 c= 1.0780276 d= 0.8586309 z_0= 61 z_e= 1022 bias= 61
Master@handy_analyze@Epoch: 236 cost= 6.4321823 a= 0.044198666 b= 0.7596507 c= 1.0748336 d= 0.85345435 z_0= 61 z_e= 1022 bias= 61
Master@handy_analyze@Epoch: 241 cost= 6.320873 a= 0.04487778 b= 0.75449383 c= 1.0718625 d= 0.84836316 z_0= 61 z_e= 1022 bias= 61
Master@handy_analyze@Epoch: 246 cost= 6.2106056 a= 0.045524362 b= 0.74936724 c= 1.0696316 d= 0.84319776 z_0= 61 z_e= 1022 bias= 61
Master@handy_analyze@Epoch: 251 cost= 6.100474 a= 0.046235055 b= 0.7441843 c= 1.0666867 d= 0.83803546 z_0= 61 z_e= 1022 bias= 61
Master@handy_analyze@Epoch: 256 cost= 5.9953294 a= 0.046925664 b= 0.73913246 c= 1.0638694 d= 0.8329395 z_0= 61 z_e= 1022 bias= 61
Master@handy_analyze@Epoch: 261 cost= 5.894625 a= 0.047708776 b= 0.73408395 c= 1.0596117 d= 0.82783985 z_0= 61 z_e= 1022 bias= 61
Master@handy_analyze@Epoch: 266 cost= 5.800469 a= 0.04842594 b= 0.7289993 c= 1.0554754 d= 0.82282966 z_0= 61 z_e= 1022 bias= 61
Master@handy_analyze@Epoch: 271 cost= 5.7071934 a= 0.049106307 b= 0.7238255 c= 1.0522404 d= 0.817741 z_0= 61 z_e= 1022 bias= 61
Master@handy_analyze@Epoch: 276 cost= 5.618238 a= 0.049873296 b= 0.71876085 c= 1.047818 d= 0.81262994 z_0= 61 z_e= 1022 bias= 61
Master@handy_analyze@Epoch: 281 cost= 5.533368 a= 0.05069812 b= 0.7138166 c= 1.0431114 d= 0.80749303 z_0= 61 z_e= 1022 bias= 61
Master@handy_analyze@Epoch: 286 cost= 5.4534388 a= 0.051418073 b= 0.7086473 c= 1.0389756 d= 0.8024784 z_0= 61 z_e= 1022 bias= 61
Master@handy_analyze@Epoch: 291 cost= 5.377206 a= 0.052237656 b= 0.70361835 c= 1.0341332 d= 0.79741275 z_0= 61 z_e= 1022 bias= 61
Master@handy_analyze@Epoch: 296 cost= 5.3058023 a= 0.05303722 b= 0.69863206 c= 1.0291985 d= 0.792384 z_0= 61 z_e= 1022 bias= 61
Master@handy_analyze@Epoch: 301 cost= 5.2354736 a= 0.053823546 b= 0.69347394 c= 1.0246457 d= 0.7873277 z_0= 61 z_e= 1022 bias= 61
Master@handy_analyze@Epoch: 306 cost= 5.166745 a= 0.05462302 b= 0.6884179 c= 1.019799 d= 0.78225195 z_0= 61 z_e= 1022 bias= 61
Master@handy_analyze@Epoch: 311 cost= 5.104777 a= 0.055553325 b= 0.683745 c= 1.0142858 d= 0.7771192 z_0= 61 z_e= 1022 bias= 61
Master@handy_analyze@Epoch: 316 cost= 5.045317 a= 0.05636094 b= 0.6787719 c= 1.0092026 d= 0.7720067 z_0= 61 z_e= 1022 bias= 61
Master@handy_analyze@Epoch: 321 cost= 4.998404 a= 0.05737264 b= 0.67476445 c= 1.0038695 d= 0.76700956 z_0= 61 z_e= 1022 bias= 61
Master@handy_analyze@Epoch: 326 cost= 4.9564633 a= 0.05823748 b= 0.6701482 c= 0.99886656 d= 0.76198936 z_0= 61 z_e= 1022 bias= 61
Master@handy_analyze@Epoch: 331 cost= 4.920102 a= 0.059189927 b= 0.6662514 c= 0.99389964 d= 0.7570642 z_0= 61 z_e= 1022 bias= 61
Master@handy_analyze@Epoch: 336 cost= 4.889127 a= 0.060049873 b= 0.66197896 c= 0.98903924 d= 0.752228 z_0= 61 z_e= 1022 bias= 61
Master@handy_analyze@Epoch: 341 cost= 4.8662105 a= 0.06093124 b= 0.6582611 c= 0.98427886 d= 0.7475429 z_0= 61 z_e= 1022 bias= 61
Master@handy_analyze@Epoch: 346 cost= 4.847331 a= 0.061858952 b= 0.6546845 c= 0.9795009 d= 0.7428856 z_0= 61 z_e= 1022 bias= 61
Master@handy_analyze@Epoch: 351 cost= 4.8349323 a= 0.06288802 b= 0.6519674 c= 0.9750172 d= 0.73854995 z_0= 61 z_e= 1022 bias= 61
Master@handy_analyze@Epoch: 356 cost= 4.82608 a= 0.063678674 b= 0.6489604 c= 0.9705537 d= 0.734616 z_0= 61 z_e= 1022 bias= 61
Master@handy_analyze@Epoch: 361 cost= 4.821888 a= 0.06419687 b= 0.64683497 c= 0.9665987 d= 0.73221165 z_0= 61 z_e= 1022 bias= 61
Master@handy_analyze@Epoch: 366 cost= 4.81987 a= 0.064403996 b= 0.6450098 c= 0.9627074 d= 0.7313068 z_0= 61 z_e= 1022 bias= 61
Master@handy_analyze@Epoch: 371 cost= 4.8185344 a= 0.06449656 b= 0.6439663 c= 0.9593245 d= 0.7311427 z_0= 61 z_e= 1022 bias= 61
Master@handy_analyze@Epoch: 376 cost= 4.8174095 a= 0.064503916 b= 0.6432406 c= 0.95616496 d= 0.731536 z_0= 61 z_e= 1022 bias= 61
Master@handy_analyze@Epoch: 381 cost= 4.8162727 a= 0.06447518 b= 0.6425596 c= 0.9529374 d= 0.732146 z_0= 61 z_e= 1022 bias= 61
Master@handy_analyze@Epoch: 386 cost= 4.815172 a= 0.06440798 b= 0.64193285 c= 0.94986016 d= 0.7328938 z_0= 61 z_e= 1022 bias= 61
Master@handy_analyze@Epoch: 391 cost= 4.813926 a= 0.064253084 b= 0.6412875 c= 0.94649464 d= 0.73404306 z_0= 61 z_e= 1022 bias= 61
Master@handy_analyze@Epoch: 396 cost= 4.812674 a= 0.06412505 b= 0.64062953 c= 0.94306064 d= 0.7351241 z_0= 61 z_e= 1022 bias= 61
Master@handy_analyze@Epoch: 401 cost= 4.811424 a= 0.06401967 b= 0.6399638 c= 0.9396178 d= 0.73613584 z_0= 61 z_e= 1022 bias= 61
Master@handy_analyze@Epoch: 406 cost= 4.8103957 a= 0.06394052 b= 0.63936377 c= 0.93676037 d= 0.73691404 z_0= 61 z_e= 1022 bias= 61
Master@handy_analyze@Epoch: 411 cost= 4.8094487 a= 0.0638722 b= 0.63878983 c= 0.93412447 d= 0.7376006 z_0= 61 z_e= 1022 bias= 61
Master@handy_analyze@Epoch: 416 cost= 4.8084946 a= 0.06380314 b= 0.63821566 c= 0.93148667 d= 0.7382944 z_0= 61 z_e= 1022 bias= 61
Master@handy_analyze@Epoch: 421 cost= 4.8075333 a= 0.06373398 b= 0.6376364 c= 0.928833 d= 0.7389938 z_0= 61 z_e= 1022 bias= 61
Master@handy_analyze@Epoch: 426 cost= 4.8065677 a= 0.06366477 b= 0.63705766 c= 0.9261813 d= 0.73969704 z_0= 61 z_e= 1022 bias= 61
Master@handy_analyze@Epoch: 431 cost= 4.8055944 a= 0.063594416 b= 0.63647676 c= 0.9235265 d= 0.74040663 z_0= 61 z_e= 1022 bias= 61
Master@handy_analyze@Epoch: 436 cost= 4.804615 a= 0.06352427 b= 0.63589394 c= 0.9208664 d= 0.7411203 z_0= 61 z_e= 1022 bias= 61
Master@handy_analyze@Epoch: 441 cost= 4.80363 a= 0.06345366 b= 0.63531 c= 0.9182004 d= 0.7418403 z_0= 61 z_e= 1022 bias= 61
Master@handy_analyze@Epoch: 446 cost= 4.802639 a= 0.06338254 b= 0.6347229 c= 0.91553164 d= 0.74256414 z_0= 61 z_e= 1022 bias= 61
Master@handy_analyze@Epoch: 451 cost= 4.8016415 a= 0.06331104 b= 0.6341356 c= 0.9128585 d= 0.7432943 z_0= 61 z_e= 1022 bias= 61
Master@handy_analyze@Epoch: 456 cost= 4.8006344 a= 0.063238926 b= 0.6335436 c= 0.9101721 d= 0.7440334 z_0= 61 z_e= 1022 bias= 61
Master@handy_analyze@Epoch: 461 cost= 4.7996593 a= 0.06317582 b= 0.632949 c= 0.9075626 d= 0.7447071 z_0= 61 z_e= 1022 bias= 61
Master@handy_analyze@Epoch: 466 cost= 4.7987213 a= 0.063126646 b= 0.63234186 c= 0.90503323 d= 0.7452892 z_0= 61 z_e= 1022 bias= 61
Master@handy_analyze@Epoch: 471 cost= 4.79778 a= 0.06307724 b= 0.6317314 c= 0.90249383 d= 0.74587756 z_0= 61 z_e= 1022 bias= 61
Master@handy_analyze@Epoch: 476 cost= 4.7968273 a= 0.0630271 b= 0.63111955 c= 0.8999502 d= 0.74646884 z_0= 61 z_e= 1022 bias= 61
Master@handy_analyze@Epoch: 481 cost= 4.795873 a= 0.062976874 b= 0.6305068 c= 0.89740694 d= 0.74706477 z_0= 61 z_e= 1022 bias= 61
Master@handy_analyze@Epoch: 486 cost= 4.7949195 a= 0.06292701 b= 0.62989503 c= 0.89487207 d= 0.7476611 z_0= 61 z_e= 1022 bias= 61
Master@handy_analyze@Epoch: 491 cost= 4.793889 a= 0.062865175 b= 0.62924147 c= 0.8921458 d= 0.7483442 z_0= 61 z_e= 1022 bias= 61
Master@handy_analyze@Epoch: 496 cost= 4.792625 a= 0.06278331 b= 0.62844664 c= 0.88881475 d= 0.7492204 z_0= 61 z_e= 1022 bias= 61
Master@handy_analyze@Epoch: 501 cost= 4.7913427 a= 0.06270004 b= 0.6276461 c= 0.88545793 d= 0.7501133 z_0= 61 z_e= 1022 bias= 61
Master@handy_analyze@Epoch: 506 cost= 4.7901387 a= 0.06257428 b= 0.627111 c= 0.88242316 d= 0.7512808 z_0= 61 z_e= 1022 bias= 61
Master@handy_analyze@Epoch: 511 cost= 4.78911 a= 0.06243356 b= 0.6266503 c= 0.8798302 d= 0.7523962 z_0= 61 z_e= 1022 bias= 61
Master@handy_analyze@Epoch: 516 cost= 4.788292 a= 0.06231184 b= 0.6262702 c= 0.87770593 d= 0.7533311 z_0= 61 z_e= 1022 bias= 61
Master@handy_analyze@Epoch: 521 cost= 4.7874546 a= 0.062188607 b= 0.62588036 c= 0.8755403 d= 0.75428545 z_0= 61 z_e= 1022 bias= 61
Master@handy_analyze@Epoch: 526 cost= 4.7866116 a= 0.062066384 b= 0.6254901 c= 0.8733652 d= 0.7552399 z_0= 61 z_e= 1022 bias= 61
Master@handy_analyze@Epoch: 531 cost= 4.785762 a= 0.06194584 b= 0.62509793 c= 0.87117773 d= 0.7561979 z_0= 61 z_e= 1022 bias= 61
Master@handy_analyze@Epoch: 536 cost= 4.784914 a= 0.06182848 b= 0.6247071 c= 0.86899716 d= 0.7571488 z_0= 61 z_e= 1022 bias= 61
Master@handy_analyze@Epoch: 541 cost= 4.784063 a= 0.06171296 b= 0.62430555 c= 0.8667932 d= 0.7580887 z_0= 61 z_e= 1022 bias= 61
Master@handy_analyze@Epoch: 546 cost= 4.783227 a= 0.06162498 b= 0.623903 c= 0.864569 d= 0.758943 z_0= 61 z_e= 1022 bias= 61
Master@handy_analyze@Epoch: 551 cost= 4.782396 a= 0.061537243 b= 0.6235037 c= 0.8623657 d= 0.7597919 z_0= 61 z_e= 1022 bias= 61
Master@handy_analyze@Epoch: 556 cost= 4.7814465 a= 0.061435625 b= 0.62303954 c= 0.85980886 d= 0.7607846 z_0= 61 z_e= 1022 bias= 61
Master@handy_analyze@Epoch: 561 cost= 4.780495 a= 0.061347436 b= 0.6225555 c= 0.85721606 d= 0.7617107 z_0= 61 z_e= 1022 bias= 61
Master@handy_analyze@Epoch: 566 cost= 4.7795424 a= 0.061259672 b= 0.6220692 c= 0.8546251 d= 0.7626348 z_0= 61 z_e= 1022 bias= 61
Master@handy_analyze@Epoch: 571 cost= 4.7785835 a= 0.061172776 b= 0.62158304 c= 0.8520381 d= 0.76356304 z_0= 61 z_e= 1022 bias= 61
Master@handy_analyze@Epoch: 576 cost= 4.777616 a= 0.06109194 b= 0.6210814 c= 0.84941024 d= 0.76446515 z_0= 61 z_e= 1022 bias= 61
Master@handy_analyze@Epoch: 581 cost= 4.776634 a= 0.061014786 b= 0.6205677 c= 0.8467436 d= 0.76535994 z_0= 61 z_e= 1022 bias= 61
Master@handy_analyze@Epoch: 586 cost= 4.775641 a= 0.060936864 b= 0.62005067 c= 0.8440655 d= 0.7662618 z_0= 61 z_e= 1022 bias= 61
Master@handy_analyze@Epoch: 591 cost= 4.7746487 a= 0.06085943 b= 0.6195373 c= 0.84140587 d= 0.7671639 z_0= 61 z_e= 1022 bias= 61
Master@handy_analyze@Epoch: 596 cost= 4.7736535 a= 0.06078123 b= 0.6190207 c= 0.8387437 d= 0.76807183 z_0= 61 z_e= 1022 bias= 61
Master@handy_analyze@Epoch: 601 cost= 4.772646 a= 0.06063619 b= 0.6185352 c= 0.83610344 d= 0.76931465 z_0= 61 z_e= 1022 bias= 61
Master@handy_analyze@Epoch: 606 cost= 4.7715116 a= 0.060521282 b= 0.6178591 c= 0.83290815 d= 0.7705018 z_0= 61 z_e= 1022 bias= 61
Master@handy_analyze@Epoch: 611 cost= 4.7704806 a= 0.060440682 b= 0.61717373 c= 0.82993186 d= 0.7714433 z_0= 61 z_e= 1022 bias= 61
Master@handy_analyze@Epoch: 616 cost= 4.769442 a= 0.06035901 b= 0.6164854 c= 0.8269493 d= 0.7723939 z_0= 61 z_e= 1022 bias= 61
Master@handy_analyze@Epoch: 621 cost= 4.768389 a= 0.06027706 b= 0.6157915 c= 0.82394475 d= 0.773358 z_0= 61 z_e= 1022 bias= 61
Master@handy_analyze@Epoch: 626 cost= 4.767327 a= 0.060194496 b= 0.61509496 c= 0.8209297 d= 0.774332 z_0= 61 z_e= 1022 bias= 61
Master@handy_analyze@Epoch: 631 cost= 4.76625 a= 0.060110424 b= 0.61439127 c= 0.8179002 d= 0.7753173 z_0= 61 z_e= 1022 bias= 61
Master@handy_analyze@Epoch: 636 cost= 4.7651677 a= 0.060026173 b= 0.6136875 c= 0.8148707 d= 0.77631164 z_0= 61 z_e= 1022 bias= 61
Master@handy_analyze@Epoch: 641 cost= 4.764179 a= 0.0599475 b= 0.61304724 c= 0.8121127 d= 0.77722937 z_0= 61 z_e= 1022 bias= 61
Master@handy_analyze@Epoch: 646 cost= 4.763065 a= 0.05985837 b= 0.6123313 c= 0.8090336 d= 0.7782666 z_0= 61 z_e= 1022 bias= 61
Master@handy_analyze@Epoch: 651 cost= 4.761939 a= 0.05976833 b= 0.61160856 c= 0.8059315 d= 0.7793188 z_0= 61 z_e= 1022 bias= 61
Master@handy_analyze@Epoch: 656 cost= 4.761002 a= 0.059681185 b= 0.61103636 c= 0.80338037 d= 0.78026825 z_0= 61 z_e= 1022 bias= 61
Master@handy_analyze@Epoch: 661 cost= 4.760134 a= 0.05959493 b= 0.6104859 c= 0.8009792 d= 0.7811641 z_0= 61 z_e= 1022 bias= 61
Master@handy_analyze@Epoch: 666 cost= 4.7592344 a= 0.059505515 b= 0.60991496 c= 0.79850435 d= 0.7820933 z_0= 61 z_e= 1022 bias= 61
Master@handy_analyze@Epoch: 671 cost= 4.7583294 a= 0.05941621 b= 0.6093417 c= 0.79602396 d= 0.783024 z_0= 61 z_e= 1022 bias= 61
Master@handy_analyze@Epoch: 676 cost= 4.7574153 a= 0.05932735 b= 0.6087634 c= 0.7935321 d= 0.78395957 z_0= 61 z_e= 1022 bias= 61
Master@handy_analyze@Epoch: 681 cost= 4.756542 a= 0.05926373 b= 0.6081721 c= 0.7910995 d= 0.7847549 z_0= 61 z_e= 1022 bias= 61
Master@handy_analyze@Epoch: 686 cost= 4.755756 a= 0.05919806 b= 0.6076638 c= 0.78893745 d= 0.7855257 z_0= 61 z_e= 1022 bias= 61
Master@handy_analyze@Epoch: 691 cost= 4.754971 a= 0.059132755 b= 0.60715806 c= 0.7867873 d= 0.7862949 z_0= 61 z_e= 1022 bias= 61
Master@handy_analyze@Epoch: 696 cost= 4.75418 a= 0.05906712 b= 0.6066497 c= 0.7846337 d= 0.78706986 z_0= 61 z_e= 1022 bias= 61
Master@handy_analyze@Epoch: 701 cost= 4.753389 a= 0.059001178 b= 0.6061426 c= 0.7824811 d= 0.78784865 z_0= 61 z_e= 1022 bias= 61
Master@handy_analyze@Epoch: 706 cost= 4.752591 a= 0.058935095 b= 0.6056344 c= 0.78033245 d= 0.78863055 z_0= 61 z_e= 1022 bias= 61
Master@handy_analyze@Epoch: 711 cost= 4.751773 a= 0.058862694 b= 0.6051348 c= 0.7781261 d= 0.78947496 z_0= 61 z_e= 1022 bias= 61
Master@handy_analyze@Epoch: 716 cost= 4.751047 a= 0.05876845 b= 0.6047671 c= 0.7762396 d= 0.7904099 z_0= 61 z_e= 1022 bias= 61
Master@handy_analyze@Epoch: 721 cost= 4.75045 a= 0.058680747 b= 0.60448587 c= 0.774725 d= 0.79123604 z_0= 61 z_e= 1022 bias= 61
Master@handy_analyze@Epoch: 726 cost= 4.7498612 a= 0.05859433 b= 0.6042042 c= 0.77322245 d= 0.7920538 z_0= 61 z_e= 1022 bias= 61
Optimization Finished!
cost= 4.7498612 a= 0.05859433 b= 0.6042042 c= 0.77322245 d= 0.7920538 z0_index= 61 ze_index= 1022
